{"C:\\dimando\\dimando-ui\\src\\button\\Button.tsx": {"path":"C:\\dimando\\dimando-ui\\src\\button\\Button.tsx","statementMap":{"0":{"start":{"line":1,"column":0},"end":{"line":1,"column":98}},"1":{"start":{"line":2,"column":0},"end":{"line":2,"column":36}},"2":{"start":{"line":19,"column":32},"end":{"line":46,"column":null}},"3":{"start":{"line":21,"column":26},"end":{"line":21,"column":28}},"4":{"start":{"line":23,"column":8},"end":{"line":45,"column":10}},"5":{"start":{"line":49,"column":0},"end":{"line":49,"column":22}}},"fnMap":{"0":{"name":"(anonymous_0)","decl":{"start":{"line":20,"column":4},"end":{"line":20,"column":5}},"loc":{"start":{"line":20,"column":196},"end":{"line":46,"column":5}}}},"branchMap":{"0":{"loc":{"start":{"line":20,"column":17},"end":{"line":20,"column":28}},"type":"default-arg","locations":[{"start":{"line":20,"column":24},"end":{"line":20,"column":28}}]},"1":{"loc":{"start":{"line":20,"column":30},"end":{"line":20,"column":50}},"type":"default-arg","locations":[{"start":{"line":20,"column":43},"end":{"line":20,"column":50}}]},"2":{"loc":{"start":{"line":20,"column":52},"end":{"line":20,"column":71}},"type":"default-arg","locations":[{"start":{"line":20,"column":60},"end":{"line":20,"column":71}}]},"3":{"loc":{"start":{"line":20,"column":116},"end":{"line":20,"column":129}},"type":"default-arg","locations":[{"start":{"line":20,"column":121},"end":{"line":20,"column":129}}]},"4":{"loc":{"start":{"line":41,"column":17},"end":{"line":41,"column":93}},"type":"cond-expr","locations":[{"start":{"line":41,"column":29},"end":{"line":41,"column":86}},{"start":{"line":41,"column":89},"end":{"line":41,"column":93}}]},"5":{"loc":{"start":{"line":43,"column":17},"end":{"line":43,"column":87}},"type":"cond-expr","locations":[{"start":{"line":43,"column":27},"end":{"line":43,"column":80}},{"start":{"line":43,"column":83},"end":{"line":43,"column":87}}]}},"s":{"0":1,"1":1,"2":1,"3":3,"4":3,"5":1},"f":{"0":3},"b":{"0":[2],"1":[2],"2":[3],"3":[3],"4":[0,3],"5":[0,3]}}
}
